2025-09-05T00:36:54+00:00 backup created: /home/ubuntu/nas/db/project-2025-09-05_0036.db
2025-09-10T12:59:03+09:00 backup created: /home/ubuntu/nas/db/project-2025-09-10_1259.db
2025-09-10T13:53:46+09:00 DB backup created: /home/ubuntu/nas/db/project-2025-09-10_1352.db
2025-09-10T13:53:46+09:00 Project files synced to: /home/ubuntu/nas/six/
2025-09-11T04:10:06+09:00 DB backup created: /home/ubuntu/nas/db/project-2025-09-11_0410.db
2025-09-11T04:10:06+09:00 Project files synced to: /home/ubuntu/nas/six/
2025-09-11T22:53:51+09:00 DB backup created: /home/ubuntu/nas/db/project-2025-09-11_2253.db
2025-09-11T22:53:51+09:00 Project files synced to: /home/ubuntu/nas/six/
2025-09-12T00:03:57+09:00 DB backup created: /home/ubuntu/gdrive/db/project-2025-09-12_0000.db
2025-09-12T00:03:57+09:00 Project files synced to: /home/ubuntu/gdrive/six/
2025-09-12T04:10:41+09:00 DB backup created: /home/ubuntu/gdrive/db/project-2025-09-12_0410.db
2025-09-12T04:10:41+09:00 Project files synced to: /home/ubuntu/gdrive/six/
2025-09-12T11:50:10+09:00 DB backup created: /home/ubuntu/gdrive/db/project-2025-09-12_1149.db
2025-09-12T11:50:10+09:00 Project files synced to: /home/ubuntu/gdrive/
2025-09-13T04:10:04+09:00 DB backup created: /home/ubuntu/gdrive/db/project-2025-09-13_0410.db
2025-09-13T04:10:04+09:00 Project files synced to: /home/ubuntu/gdrive/
2025-09-14T04:10:04+09:00 DB backup created: /home/ubuntu/gdrive/db/project-2025-09-14_0410.db
2025-09-14T04:10:04+09:00 Project files synced to: /home/ubuntu/gdrive/
2025-09-15T04:10:36+09:00 DB backup created: /home/ubuntu/gdrive/db/project-2025-09-15_0410.db
2025-09-15T04:10:36+09:00 Project files synced to: /home/ubuntu/gdrive/
2025-09-16T04:10:55+09:00 DB backup created: /home/ubuntu/gdrive/db/project-2025-09-16_0410.db
2025-09-16T04:10:55+09:00 Project files synced to: /home/ubuntu/gdrive/
2025-09-17T04:10:04+09:00 DB backup created: /home/ubuntu/gdrive/db/project-2025-09-17_0410.db
2025-09-17T04:10:04+09:00 Project files synced to: /home/ubuntu/gdrive/
2025-09-18T04:10:05+09:00 DB backup created: /home/ubuntu/gdrive/db/project-2025-09-18_0410.db
2025-09-18T04:10:05+09:00 Project files synced to: /home/ubuntu/gdrive/
2025-09-19T04:10:55+09:00 DB backup created: /home/ubuntu/gdrive/db/project-2025-09-19_0410.db
2025-09-19T04:10:55+09:00 Project files synced to: /home/ubuntu/gdrive/
2025-09-21T14:45:40+09:00 DB backup created: /home/ubuntu/gdrive/db/project-2025-09-21_1445.db
2025-09-21T14:45:40+09:00 Project files synced to: /home/ubuntu/gdrive/
2025-09-21T14:47:25+09:00 DB backup created: /home/ubuntu/gdrive/db/project-2025-09-21_1447.db
2025-09-21T14:47:25+09:00 Project files synced to: /home/ubuntu/gdrive/
2025-09-21T14:48:33+09:00 DB backup created: /home/ubuntu/gdrive/db/project-2025-09-21_1448.db
2025-09-21T14:48:33+09:00 Project files synced to: /home/ubuntu/gdrive/
2025-09-22T04:10:01+09:00 DB backup created: /home/ubuntu/gdrive/db/project-2025-09-22_0410.db
2025-09-22T04:10:01+09:00 Project files synced to: /home/ubuntu/gdrive/
2025-09-23T04:10:01+09:00 DB backup created: /home/ubuntu/gdrive/db/project-2025-09-23_0410.db
2025-09-23T04:10:01+09:00 Project files synced to: /home/ubuntu/gdrive/
2025-09-23T23:04:42+09:00 DB backup created: /home/ubuntu/gdrive/db/project-2025-09-23_2304.db
2025-09-23T23:04:42+09:00 Project files synced to: /home/ubuntu/gdrive/
2025-09-24T04:10:42+09:00 DB backup created: /home/ubuntu/gdrive/db/project-2025-09-24_0410.db
2025-09-24T04:10:42+09:00 Project files synced to: /home/ubuntu/gdrive/
2025-09-25T04:10:06+09:00 DB backup created: /home/ubuntu/gdrive/db/project-2025-09-25_0410.db
2025-09-25T04:10:06+09:00 Project files synced to: /home/ubuntu/gdrive/
2025-09-26T04:10:05+09:00 DB backup created: /home/ubuntu/gdrive/db/project-2025-09-26_0410.db
2025-09-26T04:10:05+09:00 Project files synced to: /home/ubuntu/gdrive/
2025-09-27T04:10:41+09:00 DB backup created: /home/ubuntu/gdrive/db/project-2025-09-27_0410.db
2025-09-27T04:10:41+09:00 Project files synced to: /home/ubuntu/gdrive/
2025-09-28T04:10:04+09:00 DB backup created: /home/ubuntu/gdrive/db/project-2025-09-28_0410.db
2025-09-28T04:10:04+09:00 Project files synced to: /home/ubuntu/gdrive/
2025-09-29T04:10:03+09:00 DB backup created: /home/ubuntu/gdrive/db/project-2025-09-29_0410.db
2025-09-29T04:10:03+09:00 Project files synced to: /home/ubuntu/gdrive/
2025-09-30T04:10:08+09:00 DB backup created: /home/ubuntu/gdrive/db/project-2025-09-30_0410.db
2025-09-30T04:10:08+09:00 Project files synced to: /home/ubuntu/gdrive/
2025-10-01T04:10:39+09:00 DB backup created: /home/ubuntu/gdrive/db/project-2025-10-01_0410.db
2025-10-01T04:10:39+09:00 Project files synced to: /home/ubuntu/gdrive/
2025-10-02T04:10:02+09:00 DB backup created: /home/ubuntu/gdrive/db/project-2025-10-02_0410.db
2025-10-02T04:10:02+09:00 Project files synced to: /home/ubuntu/gdrive/
2025-10-03T04:10:05+09:00 DB backup created: /home/ubuntu/gdrive/db/project-2025-10-03_0410.db
2025-10-03T04:10:05+09:00 Project files synced to: /home/ubuntu/gdrive/
2025-10-04T04:10:03+09:00 DB backup created: /home/ubuntu/gdrive/db/project-2025-10-04_0410.db
2025-10-04T04:10:03+09:00 Project files synced to: /home/ubuntu/gdrive/
2025-10-05T04:10:27+09:00 DB backup created: /home/ubuntu/gdrive/db/project-2025-10-05_0410.db
2025-10-05T04:10:28+09:00 Project files synced to: /home/ubuntu/gdrive/
2025-10-06T04:10:02+09:00 DB backup created: /home/ubuntu/gdrive/db/project-2025-10-06_0410.db
2025-10-06T04:10:02+09:00 Project files synced to: /home/ubuntu/gdrive/
2025-10-07T04:10:04+09:00 DB backup created: /home/ubuntu/gdrive/db/project-2025-10-07_0410.db
2025-10-07T04:10:04+09:00 Project files synced to: /home/ubuntu/gdrive/
2025-10-08T04:10:58+09:00 DB backup created: /home/ubuntu/gdrive/db/project-2025-10-08_0410.db
2025-10-08T04:10:58+09:00 Project files synced to: /home/ubuntu/gdrive/
2025-10-09T04:10:02+09:00 DB backup created: /home/ubuntu/gdrive/db/project-2025-10-09_0410.db
2025-10-09T04:10:02+09:00 Project files synced to: /home/ubuntu/gdrive/
2025-10-09T15:04:07+09:00 DB backup created: /home/ubuntu/gdrive/db/project-2025-10-09_1504.db
2025-10-09T15:04:07+09:00 Project files synced to: /home/ubuntu/gdrive/
2025-10-10T04:10:53+09:00 DB backup created: /home/ubuntu/gdrive/db/project-2025-10-10_0410.db
2025-10-10T04:10:53+09:00 Project files synced to: /home/ubuntu/gdrive/
2025-10-11T04:10:02+09:00 DB backup created: /home/ubuntu/gdrive/db/project-2025-10-11_0410.db
2025-10-11T04:10:02+09:00 Project files synced to: /home/ubuntu/gdrive/
2025-10-12T04:10:02+09:00 DB backup created: /home/ubuntu/gdrive/db/project-2025-10-12_0410.db
2025-10-12T04:10:02+09:00 Project files synced to: /home/ubuntu/gdrive/
2025-10-12T13:52:51+09:00 DB backup created: /home/ubuntu/gdrive/db/project-2025-10-12_1352.db
2025-10-12T13:52:51+09:00 Project files synced to: /home/ubuntu/gdrive/
2025-10-13T04:10:02+09:00 DB backup created: /home/ubuntu/gdrive/db/project-2025-10-13_0410.db
2025-10-13T04:10:02+09:00 Project files synced to: /home/ubuntu/gdrive/
2025-10-14T04:10:55+09:00 DB backup created: /home/ubuntu/gdrive/db/project-2025-10-14_0410.db
2025-10-14T04:10:55+09:00 Project files synced to: /home/ubuntu/gdrive/
2025-10-15T04:10:56+09:00 DB backup created: /home/ubuntu/gdrive/db/project-2025-10-15_0410.db
2025-10-15T04:10:56+09:00 Project files synced to: /home/ubuntu/gdrive/
2025-10-16T04:10:02+09:00 DB backup created: /home/ubuntu/gdrive/db/project-2025-10-16_0410.db
2025-10-16T04:10:02+09:00 Project files synced to: /home/ubuntu/gdrive/
2025-10-17T04:10:37+09:00 DB backup created: /home/ubuntu/gdrive/db/project-2025-10-17_0410.db
2025-10-17T04:10:37+09:00 Project files synced to: /home/ubuntu/gdrive/
2025-10-18T04:10:58+09:00 DB backup created: /home/ubuntu/gdrive/db/project-2025-10-18_0410.db
2025-10-18T04:10:58+09:00 Project files synced to: /home/ubuntu/gdrive/
2025-10-19T04:10:03+09:00 DB backup created: /home/ubuntu/gdrive/db/project-2025-10-19_0410.db
2025-10-19T04:10:03+09:00 Project files synced to: /home/ubuntu/gdrive/
2025-10-20T04:10:03+09:00 DB backup created: /home/ubuntu/gdrive/db/project-2025-10-20_0410.db
2025-10-20T04:10:03+09:00 Project files synced to: /home/ubuntu/gdrive/
2025-10-21T04:10:56+09:00 DB backup created: /home/ubuntu/gdrive/db/project-2025-10-21_0410.db
2025-10-21T04:10:56+09:00 Project files synced to: /home/ubuntu/gdrive/
2025-10-22T04:10:59+09:00 DB backup created: /home/ubuntu/gdrive/db/project-2025-10-22_0410.db
2025-10-22T04:10:59+09:00 Project files synced to: /home/ubuntu/gdrive/
2025-10-23T04:10:04+09:00 DB backup created: /home/ubuntu/gdrive/db/project-2025-10-23_0410.db
2025-10-23T04:10:04+09:00 Project files synced to: /home/ubuntu/gdrive/
2025-10-24T04:10:05+09:00 DB backup created: /home/ubuntu/gdrive/db/project-2025-10-24_0410.db
2025-10-24T04:10:05+09:00 Project files synced to: /home/ubuntu/gdrive/
2025-10-25T04:10:09+09:00 DB backup created: /home/ubuntu/gdrive/db/project-2025-10-25_0410.db
2025-10-25T04:10:09+09:00 Project files synced to: /home/ubuntu/gdrive/
2025-10-26T04:10:06+09:00 DB backup created: /home/ubuntu/gdrive/db/project-2025-10-26_0410.db
2025-10-26T04:10:06+09:00 Project files synced to: /home/ubuntu/gdrive/
2025-10-27T04:10:05+09:00 DB backup created: /home/ubuntu/gdrive/db/project-2025-10-27_0410.db
2025-10-27T04:10:05+09:00 Project files synced to: /home/ubuntu/gdrive/
2025-10-28T04:10:03+09:00 DB backup created: /home/ubuntu/gdrive/db/project-2025-10-28_0410.db
2025-10-28T04:10:03+09:00 Project files synced to: /home/ubuntu/gdrive/
2025-10-29T04:10:10+09:00 DB backup created: /home/ubuntu/gdrive/db/project-2025-10-29_0410.db
2025-10-29T04:10:10+09:00 Project files synced to: /home/ubuntu/gdrive/
2025-10-30T04:10:04+09:00 DB backup created: /home/ubuntu/gdrive/db/project-2025-10-30_0410.db
2025-10-30T04:10:04+09:00 Project files synced to: /home/ubuntu/gdrive/
2025-10-31T04:10:04+09:00 DB backup created: /home/ubuntu/gdrive/db/project-2025-10-31_0410.db
2025-10-31T04:10:04+09:00 Project files synced to: /home/ubuntu/gdrive/
2025-11-01T04:10:07+09:00 DB backup created: /home/ubuntu/gdrive/db/project-2025-11-01_0410.db
2025-11-01T04:10:07+09:00 Project files synced to: /home/ubuntu/gdrive/
2025-11-02T04:10:07+09:00 DB backup created: /home/ubuntu/gdrive/db/project-2025-11-02_0410.db
2025-11-02T04:10:07+09:00 Project files synced to: /home/ubuntu/gdrive/
2025-11-03T04:10:07+09:00 DB backup created: /home/ubuntu/gdrive/db/project-2025-11-03_0410.db
2025-11-03T04:10:07+09:00 Project files synced to: /home/ubuntu/gdrive/
2025-11-04T04:10:06+09:00 DB backup created: /home/ubuntu/gdrive/db/project-2025-11-04_0410.db
2025-11-04T04:10:06+09:00 Project files synced to: /home/ubuntu/gdrive/
2025-11-05T04:10:03+09:00 DB backup created: /home/ubuntu/gdrive/db/project-2025-11-05_0410.db
2025-11-05T04:10:03+09:00 Project files synced to: /home/ubuntu/gdrive/
2025-11-06T04:10:04+09:00 DB backup created: /home/ubuntu/gdrive/db/project-2025-11-06_0410.db
2025-11-06T04:10:04+09:00 Project files synced to: /home/ubuntu/gdrive/
2025-11-07T04:10:04+09:00 DB backup created: /home/ubuntu/gdrive/db/project-2025-11-07_0410.db
2025-11-07T04:10:04+09:00 Project files synced to: /home/ubuntu/gdrive/
2025-11-08T04:10:04+09:00 DB backup created: /home/ubuntu/gdrive/db/project-2025-11-08_0410.db
2025-11-08T04:10:04+09:00 Project files synced to: /home/ubuntu/gdrive/
2025-11-09T04:10:04+09:00 DB backup created: /home/ubuntu/gdrive/db/project-2025-11-09_0410.db
2025-11-09T04:10:04+09:00 Project files synced to: /home/ubuntu/gdrive/
2025-11-10T04:10:04+09:00 DB backup created: /home/ubuntu/gdrive/db/project-2025-11-10_0410.db
2025-11-10T04:10:04+09:00 Project files synced to: /home/ubuntu/gdrive/
2025-11-11T04:10:07+09:00 DB backup created: /home/ubuntu/gdrive/db/project-2025-11-11_0410.db
2025-11-11T04:10:07+09:00 Project files synced to: /home/ubuntu/gdrive/
2025-11-12T04:10:07+09:00 DB backup created: /home/ubuntu/gdrive/db/project-2025-11-12_0410.db
2025-11-12T04:10:07+09:00 Project files synced to: /home/ubuntu/gdrive/
2025-11-13T04:10:06+09:00 DB backup created: /home/ubuntu/gdrive/db/project-2025-11-13_0410.db
2025-11-13T04:10:06+09:00 Project files synced to: /home/ubuntu/gdrive/
2025-11-14T04:10:03+09:00 DB backup created: /home/ubuntu/gdrive/db/project-2025-11-14_0410.db
2025-11-14T04:10:03+09:00 Project files synced to: /home/ubuntu/gdrive/
2025-11-15T04:10:07+09:00 DB backup created: /home/ubuntu/gdrive/db/project-2025-11-15_0410.db
2025-11-15T04:10:07+09:00 Project files synced to: /home/ubuntu/gdrive/
2025-11-16T04:10:04+09:00 DB backup created: /home/ubuntu/gdrive/db/project-2025-11-16_0410.db
2025-11-16T04:10:04+09:00 Project files synced to: /home/ubuntu/gdrive/
2025-11-17T04:10:04+09:00 DB backup created: /home/ubuntu/gdrive/db/project-2025-11-17_0410.db
2025-11-17T04:10:04+09:00 Project files synced to: /home/ubuntu/gdrive/
2025-11-18T04:10:05+09:00 DB backup created: /home/ubuntu/gdrive/db/project-2025-11-18_0410.db
2025-11-18T04:10:05+09:00 Project files synced to: /home/ubuntu/gdrive/
2025-11-19T04:10:06+09:00 DB backup created: /home/ubuntu/gdrive/db/project-2025-11-19_0410.db
2025-11-19T04:10:06+09:00 Project files synced to: /home/ubuntu/gdrive/
2025-11-20T04:10:05+09:00 DB backup created: /home/ubuntu/gdrive/db/project-2025-11-20_0410.db
2025-11-20T04:10:05+09:00 Project files synced to: /home/ubuntu/gdrive/
2025-11-21T04:10:06+09:00 DB backup created: /home/ubuntu/gdrive/db/project-2025-11-21_0410.db
2025-11-21T04:10:06+09:00 Project files synced to: /home/ubuntu/gdrive/
2025-11-22T04:10:05+09:00 DB backup created: /home/ubuntu/gdrive/db/project-2025-11-22_0410.db
2025-11-22T04:10:05+09:00 Project files synced to: /home/ubuntu/gdrive/
2025-11-23T04:10:07+09:00 DB backup created: /home/ubuntu/gdrive/db/project-2025-11-23_0410.db
2025-11-23T04:10:07+09:00 Project files synced to: /home/ubuntu/gdrive/
2025-11-24T04:10:04+09:00 DB backup created: /home/ubuntu/gdrive/db/project-2025-11-24_0410.db
2025-11-24T04:10:04+09:00 Project files synced to: /home/ubuntu/gdrive/
2025-11-25T04:10:06+09:00 DB backup created: /home/ubuntu/gdrive/db/project-2025-11-25_0410.db
2025-11-25T04:10:06+09:00 Project files synced to: /home/ubuntu/gdrive/
2025-11-26T04:10:08+09:00 DB backup created: /home/ubuntu/gdrive/db/project-2025-11-26_0410.db
2025-11-26T04:10:08+09:00 Project files synced to: /home/ubuntu/gdrive/
2025-11-27T04:10:04+09:00 DB backup created: /home/ubuntu/gdrive/db/project-2025-11-27_0410.db
2025-11-27T04:10:04+09:00 Project files synced to: /home/ubuntu/gdrive/
2025-11-28T04:10:06+09:00 DB backup created: /home/ubuntu/gdrive/db/project-2025-11-28_0410.db
2025-11-28T04:10:06+09:00 Project files synced to: /home/ubuntu/gdrive/
2025-11-29T04:10:09+09:00 DB backup created: /home/ubuntu/gdrive/db/project-2025-11-29_0410.db
2025-11-29T04:10:09+09:00 Project files synced to: /home/ubuntu/gdrive/
2025-11-30T04:10:03+09:00 DB backup created: /home/ubuntu/gdrive/db/project-2025-11-30_0410.db
2025-11-30T04:10:03+09:00 Project files synced to: /home/ubuntu/gdrive/
2025-12-01T04:10:04+09:00 DB backup created: /home/ubuntu/gdrive/db/project-2025-12-01_0410.db
2025-12-01T04:10:04+09:00 Project files synced to: /home/ubuntu/gdrive/
2025-12-02T04:10:05+09:00 DB backup created: /home/ubuntu/gdrive/db/project-2025-12-02_0410.db
2025-12-02T04:10:05+09:00 Project files synced to: /home/ubuntu/gdrive/
2025-12-03T04:10:09+09:00 DB backup created: /home/ubuntu/gdrive/db/project-2025-12-03_0410.db
2025-12-03T04:10:09+09:00 Project files synced to: /home/ubuntu/gdrive/
2025-12-04T04:10:03+09:00 DB backup created: /home/ubuntu/gdrive/db/project-2025-12-04_0410.db
2025-12-04T04:10:03+09:00 Project files synced to: /home/ubuntu/gdrive/
2025-12-05T04:10:04+09:00 DB backup created: /home/ubuntu/gdrive/db/project-2025-12-05_0410.db
2025-12-05T04:10:04+09:00 Project files synced to: /home/ubuntu/gdrive/
2025-12-06T04:10:05+09:00 DB backup created: /home/ubuntu/gdrive/db/project-2025-12-06_0410.db
2025-12-06T04:10:05+09:00 Project files synced to: /home/ubuntu/gdrive/
2025-12-07T04:10:08+09:00 DB backup created: /home/ubuntu/gdrive/db/project-2025-12-07_0410.db
2025-12-07T04:10:08+09:00 Project files synced to: /home/ubuntu/gdrive/
2025-12-08T04:10:04+09:00 DB backup created: /home/ubuntu/gdrive/db/project-2025-12-08_0410.db
2025-12-08T04:10:04+09:00 Project files synced to: /home/ubuntu/gdrive/
2025-12-09T04:10:06+09:00 DB backup created: /home/ubuntu/gdrive/db/project-2025-12-09_0410.db
2025-12-09T04:10:06+09:00 Project files synced to: /home/ubuntu/gdrive/
2025-12-10T04:10:08+09:00 DB backup created: /home/ubuntu/gdrive/db/project-2025-12-10_0410.db
2025-12-10T04:10:08+09:00 Project files synced to: /home/ubuntu/gdrive/
2025-12-11T04:10:06+09:00 DB backup created: /home/ubuntu/gdrive/db/project-2025-12-11_0410.db
2025-12-11T04:10:06+09:00 Project files synced to: /home/ubuntu/gdrive/
2025-12-12T04:10:04+09:00 DB backup created: /home/ubuntu/gdrive/db/project-2025-12-12_0410.db
2025-12-12T04:10:04+09:00 Project files synced to: /home/ubuntu/gdrive/
2025-12-13T04:10:06+09:00 DB backup created: /home/ubuntu/gdrive/db/project-2025-12-13_0410.db
2025-12-13T04:10:06+09:00 Project files synced to: /home/ubuntu/gdrive/
2025-12-14T04:10:08+09:00 DB backup created: /home/ubuntu/gdrive/db/project-2025-12-14_0410.db
2025-12-14T04:10:08+09:00 Project files synced to: /home/ubuntu/gdrive/
2025-12-15T04:10:03+09:00 DB backup created: /home/ubuntu/gdrive/db/project-2025-12-15_0410.db
2025-12-15T04:10:03+09:00 Project files synced to: /home/ubuntu/gdrive/
2025-12-16T04:10:05+09:00 DB backup created: /home/ubuntu/gdrive/db/project-2025-12-16_0410.db
2025-12-16T04:10:05+09:00 Project files synced to: /home/ubuntu/gdrive/
2025-12-17T04:10:04+09:00 DB backup created: /home/ubuntu/gdrive/db/project-2025-12-17_0410.db
2025-12-17T04:10:04+09:00 Project files synced to: /home/ubuntu/gdrive/
2025-12-18T04:10:08+09:00 DB backup created: /home/ubuntu/gdrive/db/project-2025-12-18_0410.db
2025-12-18T04:10:08+09:00 Project files synced to: /home/ubuntu/gdrive/
2025-12-19T04:10:04+09:00 DB backup created: /home/ubuntu/gdrive/db/project-2025-12-19_0410.db
2025-12-19T04:10:04+09:00 Project files synced to: /home/ubuntu/gdrive/
2025-12-20T04:10:06+09:00 DB backup created: /home/ubuntu/gdrive/db/project-2025-12-20_0410.db
2025-12-20T04:10:06+09:00 Project files synced to: /home/ubuntu/gdrive/
2025-12-21T04:10:03+09:00 DB backup created: /home/ubuntu/gdrive/db/project-2025-12-21_0410.db
2025-12-21T04:10:03+09:00 Project files synced to: /home/ubuntu/gdrive/
2025-12-22T04:10:05+09:00 DB backup created: /home/ubuntu/gdrive/db/project-2025-12-22_0410.db
2025-12-22T04:10:05+09:00 Project files synced to: /home/ubuntu/gdrive/
2025-12-23T04:10:03+09:00 DB backup created: /home/ubuntu/gdrive/db/project-2025-12-23_0410.db
2025-12-23T04:10:03+09:00 Project files synced to: /home/ubuntu/gdrive/
2025-12-24T04:10:07+09:00 DB backup created: /home/ubuntu/gdrive/db/project-2025-12-24_0410.db
2025-12-24T04:10:07+09:00 Project files synced to: /home/ubuntu/gdrive/
2025-12-25T04:10:09+09:00 DB backup created: /home/ubuntu/gdrive/db/project-2025-12-25_0410.db
2025-12-25T04:10:09+09:00 Project files synced to: /home/ubuntu/gdrive/
2025-12-26T04:10:04+09:00 DB backup created: /home/ubuntu/gdrive/db/project-2025-12-26_0410.db
2025-12-26T04:10:04+09:00 Project files synced to: /home/ubuntu/gdrive/
2025-12-27T04:10:05+09:00 DB backup created: /home/ubuntu/gdrive/db/project-2025-12-27_0410.db
2025-12-27T04:10:05+09:00 Project files synced to: /home/ubuntu/gdrive/
2025-12-28T04:10:06+09:00 DB backup created: /home/ubuntu/gdrive/db/project-2025-12-28_0410.db
2025-12-28T04:10:06+09:00 Project files synced to: /home/ubuntu/gdrive/
2025-12-29T04:10:07+09:00 DB backup created: /home/ubuntu/gdrive/db/project-2025-12-29_0410.db
2025-12-29T04:10:07+09:00 Project files synced to: /home/ubuntu/gdrive/
2025-12-30T04:10:04+09:00 DB backup created: /home/ubuntu/gdrive/db/project-2025-12-30_0410.db
2025-12-30T04:10:04+09:00 Project files synced to: /home/ubuntu/gdrive/
2025-12-31T04:10:06+09:00 DB backup created: /home/ubuntu/gdrive/db/project-2025-12-31_0410.db
2025-12-31T04:10:06+09:00 Project files synced to: /home/ubuntu/gdrive/
2026-01-01T04:10:07+09:00 DB backup created: /home/ubuntu/gdrive/db/project-2026-01-01_0410.db
2026-01-01T04:10:07+09:00 Project files synced to: /home/ubuntu/gdrive/
2026-01-02T04:10:05+09:00 DB backup created: /home/ubuntu/gdrive/db/project-2026-01-02_0410.db
2026-01-02T04:10:05+09:00 Project files synced to: /home/ubuntu/gdrive/
2026-01-03T04:10:04+09:00 DB backup created: /home/ubuntu/gdrive/db/project-2026-01-03_0410.db
2026-01-03T04:10:04+09:00 Project files synced to: /home/ubuntu/gdrive/
2026-01-04T04:10:04+09:00 DB backup created: /home/ubuntu/gdrive/db/project-2026-01-04_0410.db
2026-01-04T04:10:04+09:00 Project files synced to: /home/ubuntu/gdrive/
2026-01-05T04:10:10+09:00 DB backup created: /home/ubuntu/gdrive/db/project-2026-01-05_0410.db
2026-01-05T04:10:10+09:00 Project files synced to: /home/ubuntu/gdrive/
2026-01-06T04:10:04+09:00 DB backup created: /home/ubuntu/gdrive/db/project-2026-01-06_0410.db
2026-01-06T04:10:04+09:00 Project files synced to: /home/ubuntu/gdrive/
2026-01-07T04:10:05+09:00 DB backup created: /home/ubuntu/gdrive/db/project-2026-01-07_0410.db
2026-01-07T04:10:05+09:00 Project files synced to: /home/ubuntu/gdrive/
2026-01-08T04:10:04+09:00 DB backup created: /home/ubuntu/gdrive/db/project-2026-01-08_0410.db
2026-01-08T04:10:04+09:00 Project files synced to: /home/ubuntu/gdrive/
2026-01-09T04:10:09+09:00 DB backup created: /home/ubuntu/gdrive/db/project-2026-01-09_0410.db
2026-01-09T04:10:09+09:00 Project files synced to: /home/ubuntu/gdrive/
2026-01-10T04:10:05+09:00 DB backup created: /home/ubuntu/gdrive/db/project-2026-01-10_0410.db
2026-01-10T04:10:05+09:00 Project files synced to: /home/ubuntu/gdrive/
2026-01-10T13:17:39+09:00 DB backup created: /home/ubuntu/gdrive/db/project-2026-01-10_1317.db
2026-01-10T13:17:39+09:00 Project files synced to: /home/ubuntu/gdrive/
2026-01-10T13:17:39+09:00 pdata/Infolink synced to: /home/ubuntu/gdrive//pdata/Infolink/
2026-01-11T04:10:11+09:00 DB backup created: /home/ubuntu/gdrive/db/project-2026-01-11_0410.db
2026-01-11T04:10:11+09:00 Project files synced to: /home/ubuntu/gdrive/
2026-01-11T04:10:11+09:00 pdata/Infolink synced to: /home/ubuntu/gdrive//pdata/Infolink/
2026-01-12T04:10:06+09:00 DB backup created: /home/ubuntu/gdrive/db/project-2026-01-12_0410.db
2026-01-12T04:10:06+09:00 Project files synced to: /home/ubuntu/gdrive/
2026-01-12T04:10:06+09:00 pdata/Infolink synced to: /home/ubuntu/gdrive//pdata/Infolink/
2026-01-13T04:10:07+09:00 DB backup created: /home/ubuntu/gdrive/db/project-2026-01-13_0410.db
2026-01-13T04:10:07+09:00 Project files synced to: /home/ubuntu/gdrive/
2026-01-13T04:10:07+09:00 pdata/Infolink synced to: /home/ubuntu/gdrive//pdata/Infolink/
2026-01-14T04:10:08+09:00 DB backup created: /home/ubuntu/gdrive/db/project-2026-01-14_0410.db
2026-01-14T04:10:08+09:00 Project files synced to: /home/ubuntu/gdrive/
2026-01-14T04:10:08+09:00 pdata/Infolink synced to: /home/ubuntu/gdrive//pdata/Infolink/
2026-01-15T04:10:07+09:00 DB backup created: /home/ubuntu/gdrive/db/project-2026-01-15_0410.db
2026-01-15T04:10:07+09:00 Project files synced to: /home/ubuntu/gdrive/
2026-01-15T04:10:07+09:00 pdata/Infolink synced to: /home/ubuntu/gdrive//pdata/Infolink/
2026-01-16T04:10:07+09:00 DB backup created: /home/ubuntu/gdrive/db/project-2026-01-16_0410.db
2026-01-16T04:10:07+09:00 Project files synced to: /home/ubuntu/gdrive/
2026-01-16T04:10:07+09:00 pdata/Infolink synced to: /home/ubuntu/gdrive//pdata/Infolink/
2026-01-17T04:10:07+09:00 DB backup created: /home/ubuntu/gdrive/db/project-2026-01-17_0410.db
2026-01-17T04:10:07+09:00 Project files synced to: /home/ubuntu/gdrive/
2026-01-17T04:10:07+09:00 pdata/Infolink synced to: /home/ubuntu/gdrive//pdata/Infolink/
2026-01-18T04:10:09+09:00 DB backup created: /home/ubuntu/gdrive/db/project-2026-01-18_0410.db
2026-01-18T04:10:09+09:00 Project files synced to: /home/ubuntu/gdrive/
2026-01-18T04:10:09+09:00 pdata/Infolink synced to: /home/ubuntu/gdrive//pdata/Infolink/
2026-01-19T04:10:08+09:00 DB backup created: /home/ubuntu/gdrive/db/project-2026-01-19_0410.db
2026-01-19T04:10:08+09:00 Project files synced to: /home/ubuntu/gdrive/
2026-01-19T04:10:08+09:00 pdata/Infolink synced to: /home/ubuntu/gdrive//pdata/Infolink/
2026-01-20T04:10:04+09:00 DB backup created: /home/ubuntu/gdrive/db/project-2026-01-20_0410.db
2026-01-20T04:10:04+09:00 Project files synced to: /home/ubuntu/gdrive/
2026-01-20T04:10:04+09:00 pdata/Infolink synced to: /home/ubuntu/gdrive//pdata/Infolink/
2026-01-21T04:10:10+09:00 DB backup created: /home/ubuntu/gdrive/db/project-2026-01-21_0410.db
2026-01-21T04:10:10+09:00 Project files synced to: /home/ubuntu/gdrive/
2026-01-21T04:10:10+09:00 pdata/Infolink synced to: /home/ubuntu/gdrive//pdata/Infolink/
2026-01-22T04:10:05+09:00 DB backup created: /home/ubuntu/gdrive/db/project-2026-01-22_0410.db
2026-01-22T04:10:05+09:00 Project files synced to: /home/ubuntu/gdrive/
2026-01-22T04:10:05+09:00 pdata/Infolink synced to: /home/ubuntu/gdrive//pdata/Infolink/
2026-01-23T04:10:07+09:00 DB backup created: /home/ubuntu/gdrive/db/project-2026-01-23_0410.db
2026-01-23T04:10:07+09:00 Project files synced to: /home/ubuntu/gdrive/
2026-01-23T04:10:07+09:00 pdata/Infolink synced to: /home/ubuntu/gdrive//pdata/Infolink/
2026-01-24T04:10:03+09:00 DB backup created: /home/ubuntu/gdrive/db/project-2026-01-24_0410.db
2026-01-24T04:10:03+09:00 Project files synced to: /home/ubuntu/gdrive/
2026-01-24T04:10:04+09:00 pdata/Infolink synced to: /home/ubuntu/gdrive//pdata/Infolink/
2026-01-25T04:10:04+09:00 DB backup created: /home/ubuntu/gdrive/db/project-2026-01-25_0410.db
2026-01-25T04:10:04+09:00 Project files synced to: /home/ubuntu/gdrive/
2026-01-25T04:10:04+09:00 pdata/Infolink synced to: /home/ubuntu/gdrive//pdata/Infolink/
2026-01-26T04:10:11+09:00 DB backup created: /home/ubuntu/gdrive/db/project-2026-01-26_0410.db
2026-01-26T04:10:11+09:00 Project files synced to: /home/ubuntu/gdrive/
2026-01-26T04:10:11+09:00 pdata/Infolink synced to: /home/ubuntu/gdrive//pdata/Infolink/
2026-01-27T04:10:04+09:00 DB backup created: /home/ubuntu/gdrive/db/project-2026-01-27_0410.db
2026-01-27T04:10:04+09:00 Project files synced to: /home/ubuntu/gdrive/
2026-01-27T04:10:04+09:00 pdata/Infolink synced to: /home/ubuntu/gdrive//pdata/Infolink/
2026-01-28T04:10:04+09:00 DB backup created: /home/ubuntu/gdrive/db/project-2026-01-28_0410.db
2026-01-28T04:10:04+09:00 Project files synced to: /home/ubuntu/gdrive/
2026-01-28T04:10:04+09:00 pdata/Infolink synced to: /home/ubuntu/gdrive//pdata/Infolink/
2026-01-29T04:10:07+09:00 DB backup created: /home/ubuntu/gdrive/db/project-2026-01-29_0410.db
2026-01-29T04:10:07+09:00 Project files synced to: /home/ubuntu/gdrive/
2026-01-29T04:10:07+09:00 pdata/Infolink synced to: /home/ubuntu/gdrive//pdata/Infolink/
2026-01-30T04:10:10+09:00 DB backup created: /home/ubuntu/gdrive/db/project-2026-01-30_0410.db
2026-01-30T04:10:10+09:00 Project files synced to: /home/ubuntu/gdrive/
2026-01-30T04:10:10+09:00 pdata/Infolink synced to: /home/ubuntu/gdrive//pdata/Infolink/
2026-01-31T04:10:05+09:00 DB backup created: /home/ubuntu/gdrive/db/project-2026-01-31_0410.db
2026-01-31T04:10:05+09:00 Project files synced to: /home/ubuntu/gdrive/
2026-01-31T04:10:05+09:00 pdata/Infolink synced to: /home/ubuntu/gdrive//pdata/Infolink/
2026-02-01T06:18:09+09:00 DB backup created: /home/ubuntu/gdrive/db/project-2026-02-01_0454.db
2026-02-01T06:18:09+09:00 Project files synced to: /home/ubuntu/gdrive/
2026-02-01T06:18:09+09:00 pdata/Infolink synced to: /home/ubuntu/gdrive//pdata/Infolink/
2026-02-02T04:10:05+09:00 DB backup created: /home/ubuntu/gdrive/db/project-2026-02-02_0410.db
2026-02-02T04:10:05+09:00 Project files synced to: /home/ubuntu/gdrive/
2026-02-02T04:10:05+09:00 pdata/Infolink synced to: /home/ubuntu/gdrive//pdata/Infolink/
2026-02-03T04:10:08+09:00 DB backup created: /home/ubuntu/gdrive/db/project-2026-02-03_0410.db
2026-02-03T04:10:08+09:00 Project files synced to: /home/ubuntu/gdrive/
2026-02-03T04:10:08+09:00 pdata/Infolink synced to: /home/ubuntu/gdrive//pdata/Infolink/
2026-02-04T04:10:06+09:00 DB backup created: /home/ubuntu/gdrive/db/project-2026-02-04_0410.db
2026-02-04T04:10:06+09:00 Project files synced to: /home/ubuntu/gdrive/
2026-02-04T04:10:06+09:00 pdata/Infolink synced to: /home/ubuntu/gdrive//pdata/Infolink/
2026-02-05T04:10:08+09:00 DB backup created: /home/ubuntu/gdrive/db/project-2026-02-05_0410.db
2026-02-05T04:10:08+09:00 Project files synced to: /home/ubuntu/gdrive/
2026-02-05T04:10:08+09:00 pdata/Infolink synced to: /home/ubuntu/gdrive//pdata/Infolink/
2026-02-06T04:10:04+09:00 DB backup created: /home/ubuntu/gdrive/db/project-2026-02-06_0410.db
2026-02-06T04:10:04+09:00 Project files synced to: /home/ubuntu/gdrive/
2026-02-06T04:10:04+09:00 pdata/Infolink synced to: /home/ubuntu/gdrive//pdata/Infolink/
2026-02-07T04:10:07+09:00 DB backup created: /home/ubuntu/gdrive/db/project-2026-02-07_0410.db
2026-02-07T04:10:07+09:00 Project files synced to: /home/ubuntu/gdrive/
2026-02-07T04:10:07+09:00 pdata/Infolink synced to: /home/ubuntu/gdrive//pdata/Infolink/
2026-02-08T04:10:13+09:00 DB backup created: /home/ubuntu/gdrive/db/project-2026-02-08_0410.db
2026-02-08T04:10:13+09:00 Project files synced to: /home/ubuntu/gdrive/
2026-02-08T04:10:13+09:00 pdata synced to: /home/ubuntu/gdrive//pdata/
2026-02-09T04:10:12+09:00 DB backup created: /home/ubuntu/gdrive/db/project-2026-02-09_0410.db
2026-02-09T04:10:12+09:00 Project files synced to: /home/ubuntu/gdrive/
2026-02-09T04:10:12+09:00 pdata synced to: /home/ubuntu/gdrive//pdata/
2026-02-10T04:10:01+09:00 DB backup created: /home/ubuntu/gdrive/db/project-2026-02-10_0410.db
2026-02-10T04:10:01+09:00 Project files synced to: /home/ubuntu/gdrive/
2026-02-10T04:10:01+09:00 pdata synced to: /home/ubuntu/gdrive//pdata/
2026-02-11T04:10:01+09:00 DB backup created: /home/ubuntu/gdrive/db/project-2026-02-11_0410.db
2026-02-11T04:10:01+09:00 Project files synced to: /home/ubuntu/gdrive/
2026-02-11T04:10:01+09:00 pdata synced to: /home/ubuntu/gdrive//pdata/
2026-02-12T04:10:01+09:00 DB backup created: /home/ubuntu/gdrive/db/project-2026-02-12_0410.db
2026-02-12T04:10:01+09:00 Project files synced to: /home/ubuntu/gdrive/
2026-02-12T04:10:01+09:00 pdata synced to: /home/ubuntu/gdrive//pdata/
2026-02-13T04:10:02+09:00 DB backup created: /home/ubuntu/gdrive/db/project-2026-02-13_0410.db
2026-02-13T04:10:02+09:00 Project files synced to: /home/ubuntu/gdrive/
2026-02-13T04:10:02+09:00 pdata synced to: /home/ubuntu/gdrive//pdata/
2026-02-15T04:10:01+09:00 DB backup created: /home/ubuntu/gdrive/db/project-2026-02-15_0410.db
2026-02-15T04:10:01+09:00 Project files synced to: /home/ubuntu/gdrive/
2026-02-15T04:10:01+09:00 pdata synced to: /home/ubuntu/gdrive//pdata/
2026-02-16T04:10:02+09:00 DB backup created: /home/ubuntu/gdrive/db/project-2026-02-16_0410.db
2026-02-16T04:10:02+09:00 Project files synced to: /home/ubuntu/gdrive/
2026-02-16T04:10:02+09:00 pdata synced to: /home/ubuntu/gdrive//pdata/
2026-02-17T05:41:55+09:00 DB backup created: /home/ubuntu/gdrive/db/project-2026-02-17_0541.db
2026-02-17T05:41:55+09:00 Project files synced to: /home/ubuntu/gdrive/
2026-02-17T05:41:55+09:00 pdata synced to: /home/ubuntu/gdrive//pdata/
2026-02-18T04:10:03+09:00 DB backup created: /home/ubuntu/gdrive/db/project-2026-02-18_0410.db
2026-02-18T04:10:03+09:00 Project files synced to: /home/ubuntu/gdrive/
2026-02-18T04:10:03+09:00 pdata synced to: /home/ubuntu/gdrive//pdata/
